<?xml version="1.0" encoding="UTF-8"?>
<!-- Generated by org.testng.reporters.JUnitXMLReporter -->
<testsuite hostname="HYDHTC258607L" ignored="0" name="CAPI Test" tests="14" failures="2" timestamp="02 Aug 2019 07:05:48 GMT" time="49.726" errors="0">
  <testcase name="verifyAndroidAnon" time="8.354" classname="com.mu.testcases.AndroidIOSNonSub"/>
  <testcase name="verifyAndroidRegi" time="3.399" classname="com.mu.testcases.AndroidIOSNonSub"/>
  <testcase name="verifyIOSAnon" time="3.273" classname="com.mu.testcases.AndroidIOSNonSub"/>
  <testcase name="verifyIOSRegi" time="3.186" classname="com.mu.testcases.AndroidIOSNonSub"/>
  <testcase name="verifyIOSSub" time="2.938" classname="com.mu.testcases.AndroidIOSKillSet"/>
  <testcase name="verifyAdblockAnonMC1" time="3.61" classname="com.mu.testcases.NonSubsAdblockTest">
    <failure type="java.lang.AssertionError" message="null">
      <![CDATA[java.lang.AssertionError: null
	at org.testng.Assert.fail(Assert.java:93)
	at org.testng.Assert.fail(Assert.java:100)
	at com.mu.testcases.NonSubsAdblockTest.verifyAdblockAnonMC1(NonSubsAdblockTest.java:93)
	at sun.reflect.NativeMethodAccessorImpl.invoke0(Native Method)
	at sun.reflect.NativeMethodAccessorImpl.invoke(NativeMethodAccessorImpl.java:62)
	at sun.reflect.DelegatingMethodAccessorImpl.invoke(DelegatingMethodAccessorImpl.java:43)
	at java.lang.reflect.Method.invoke(Method.java:498)
	at org.testng.internal.MethodInvocationHelper.invokeMethod(MethodInvocationHelper.java:108)
	at org.testng.internal.Invoker.invokeMethod(Invoker.java:661)
	at org.testng.internal.Invoker.invokeTestMethod(Invoker.java:869)
	at org.testng.internal.Invoker.invokeTestMethods(Invoker.java:1193)
	at org.testng.internal.TestMethodWorker.invokeTestMethods(TestMethodWorker.java:126)
	at org.testng.internal.TestMethodWorker.run(TestMethodWorker.java:109)
	at java.util.concurrent.ThreadPoolExecutor.runWorker(ThreadPoolExecutor.java:1149)
	at java.util.concurrent.ThreadPoolExecutor$Worker.run(ThreadPoolExecutor.java:624)
	at java.lang.Thread.run(Thread.java:813)
]]>
    </failure>
  </testcase> <!-- verifyAdblockAnonMC1 -->
  <testcase name="verifyAdblockAnonMC2" time="3.402" classname="com.mu.testcases.NonSubsAdblockTest"/>
  <testcase name="verifyAdblockAnonMC3" time="3.415" classname="com.mu.testcases.NonSubsAdblockTest"/>
  <testcase name="verifyAdblockRegiMC2" time="3.089" classname="com.mu.testcases.NonSubsAdblockTest"/>
  <testcase name="verifyAdblockRegiMC3" time="3.112" classname="com.mu.testcases.NonSubsAdblockTest"/>
  <testcase name="verifyAdblockRegiMC4" time="3.019" classname="com.mu.testcases.NonSubsAdblockTest">
    <failure type="java.lang.AssertionError" message="null">
      <![CDATA[java.lang.AssertionError: null
	at org.testng.Assert.fail(Assert.java:93)
	at org.testng.Assert.fail(Assert.java:100)
	at com.mu.testcases.NonSubsAdblockTest.verifyAdblockRegiMC4(NonSubsAdblockTest.java:159)
	at sun.reflect.NativeMethodAccessorImpl.invoke0(Native Method)
	at sun.reflect.NativeMethodAccessorImpl.invoke(NativeMethodAccessorImpl.java:62)
	at sun.reflect.DelegatingMethodAccessorImpl.invoke(DelegatingMethodAccessorImpl.java:43)
	at java.lang.reflect.Method.invoke(Method.java:498)
	at org.testng.internal.MethodInvocationHelper.invokeMethod(MethodInvocationHelper.java:108)
	at org.testng.internal.Invoker.invokeMethod(Invoker.java:661)
	at org.testng.internal.Invoker.invokeTestMethod(Invoker.java:869)
	at org.testng.internal.Invoker.invokeTestMethods(Invoker.java:1193)
	at org.testng.internal.TestMethodWorker.invokeTestMethods(TestMethodWorker.java:126)
	at org.testng.internal.TestMethodWorker.run(TestMethodWorker.java:109)
	at java.util.concurrent.ThreadPoolExecutor.runWorker(ThreadPoolExecutor.java:1149)
	at java.util.concurrent.ThreadPoolExecutor$Worker.run(ThreadPoolExecutor.java:624)
	at java.lang.Thread.run(Thread.java:813)
]]>
    </failure>
  </testcase> <!-- verifyAdblockRegiMC4 -->
  <testcase name="verifyWebAnonOptimizely" time="3.027" classname="com.mu.testcases.WebAnonOptimizely"/>
  <testcase name="verifyWebOptimizely" time="3.009" classname="com.mu.testcases.WebOptimizely"/>
  <testcase name="verifyAndroidSub" time="2.794" classname="com.mu.testcases.AndroidIOSKillSet"/>
</testsuite> <!-- CAPI Test -->
