<?xml version="1.0" encoding="UTF-8"?>
<!-- Generated by org.testng.reporters.JUnitXMLReporter -->
<testsuite hostname="HYDHTC258607L" ignored="0" name="CAPI Regression Test" tests="14" failures="2" timestamp="02 Aug 2019 09:56:10 GMT" time="15.769" errors="0">
  <testcase name="verifyAndroidSub" time="4.691" classname="com.mu.testcases.AndroidIOSKillSet"/>
  <testcase name="verifyAndroidAnon" time="4.701" classname="com.mu.testcases.AndroidIOSNonSub"/>
  <testcase name="verifyIOSSub" time="1.529" classname="com.mu.testcases.AndroidIOSKillSet"/>
  <testcase name="verifyAndroidRegi" time="1.994" classname="com.mu.testcases.AndroidIOSNonSub"/>
  <testcase name="verifyIOSAnon" time="1.317" classname="com.mu.testcases.AndroidIOSNonSub"/>
  <testcase name="verifyAdblockAnonMC1" time="1.88" classname="com.mu.testcases.NonSubsAdblockTest">
    <failure type="java.lang.AssertionError" message="null">
      <![CDATA[java.lang.AssertionError: null
	at org.testng.Assert.fail(Assert.java:93)
	at org.testng.Assert.fail(Assert.java:100)
	at com.mu.testcases.NonSubsAdblockTest.verifyAdblockAnonMC1(NonSubsAdblockTest.java:93)
	at sun.reflect.NativeMethodAccessorImpl.invoke0(Native Method)
	at sun.reflect.NativeMethodAccessorImpl.invoke(NativeMethodAccessorImpl.java:62)
	at sun.reflect.DelegatingMethodAccessorImpl.invoke(DelegatingMethodAccessorImpl.java:43)
	at java.lang.reflect.Method.invoke(Method.java:498)
	at org.testng.internal.MethodInvocationHelper.invokeMethod(MethodInvocationHelper.java:108)
	at org.testng.internal.Invoker.invokeMethod(Invoker.java:661)
	at org.testng.internal.Invoker.invokeTestMethod(Invoker.java:869)
	at org.testng.internal.Invoker.invokeTestMethods(Invoker.java:1193)
	at org.testng.internal.TestMethodWorker.invokeTestMethods(TestMethodWorker.java:126)
	at org.testng.internal.TestMethodWorker.run(TestMethodWorker.java:109)
	at java.util.concurrent.ThreadPoolExecutor.runWorker(ThreadPoolExecutor.java:1149)
	at java.util.concurrent.ThreadPoolExecutor$Worker.run(ThreadPoolExecutor.java:624)
	at java.lang.Thread.run(Thread.java:813)
]]>
    </failure>
  </testcase> <!-- verifyAdblockAnonMC1 -->
  <testcase name="verifyIOSRegi" time="1.431" classname="com.mu.testcases.AndroidIOSNonSub"/>
  <testcase name="verifyAdblockAnonMC2" time="1.936" classname="com.mu.testcases.NonSubsAdblockTest"/>
  <testcase name="verifyWebAnonOptimizely" time="1.591" classname="com.mu.testcases.WebAnonOptimizely"/>
  <testcase name="verifyAdblockAnonMC3" time="1.569" classname="com.mu.testcases.NonSubsAdblockTest"/>
  <testcase name="verifyWebOptimizely" time="1.808" classname="com.mu.testcases.WebOptimizely"/>
  <testcase name="verifyAdblockRegiMC2" time="1.494" classname="com.mu.testcases.NonSubsAdblockTest"/>
  <testcase name="verifyAdblockRegiMC3" time="1.387" classname="com.mu.testcases.NonSubsAdblockTest"/>
  <testcase name="verifyAdblockRegiMC4" time="1.22" classname="com.mu.testcases.NonSubsAdblockTest">
    <failure type="java.lang.AssertionError" message="null">
      <![CDATA[java.lang.AssertionError: null
	at org.testng.Assert.fail(Assert.java:93)
	at org.testng.Assert.fail(Assert.java:100)
	at com.mu.testcases.NonSubsAdblockTest.verifyAdblockRegiMC4(NonSubsAdblockTest.java:159)
	at sun.reflect.NativeMethodAccessorImpl.invoke0(Native Method)
	at sun.reflect.NativeMethodAccessorImpl.invoke(NativeMethodAccessorImpl.java:62)
	at sun.reflect.DelegatingMethodAccessorImpl.invoke(DelegatingMethodAccessorImpl.java:43)
	at java.lang.reflect.Method.invoke(Method.java:498)
	at org.testng.internal.MethodInvocationHelper.invokeMethod(MethodInvocationHelper.java:108)
	at org.testng.internal.Invoker.invokeMethod(Invoker.java:661)
	at org.testng.internal.Invoker.invokeTestMethod(Invoker.java:869)
	at org.testng.internal.Invoker.invokeTestMethods(Invoker.java:1193)
	at org.testng.internal.TestMethodWorker.invokeTestMethods(TestMethodWorker.java:126)
	at org.testng.internal.TestMethodWorker.run(TestMethodWorker.java:109)
	at java.util.concurrent.ThreadPoolExecutor.runWorker(ThreadPoolExecutor.java:1149)
	at java.util.concurrent.ThreadPoolExecutor$Worker.run(ThreadPoolExecutor.java:624)
	at java.lang.Thread.run(Thread.java:813)
]]>
    </failure>
  </testcase> <!-- verifyAdblockRegiMC4 -->
</testsuite> <!-- CAPI Regression Test -->
