<?xml version="1.0" encoding="UTF-8"?>
<testng-results skipped="0" failed="1" ignored="0" total="4" passed="3">
  <reporter-output>
    <line>
      <![CDATA[For the asset : welcomeAd]]>
    </line>
    <line>
      <![CDATA[For the asset : barOne]]>
    </line>
    <line>
      <![CDATA[For the asset : dock]]>
    </line>
    <line>
      <![CDATA[For the asset : inlineUnit]]>
    </line>
    <line>
      <![CDATA[For the asset : gateway]]>
    </line>
    <line>
      <![CDATA[For the asset : welcomeAd]]>
    </line>
    <line>
      <![CDATA[Error: expected [MAG_web_non-mobile_regi_kill-set_welcome-ad] but found [go_to_optimizely]]]>
    </line>
    <line>
      <![CDATA[For the asset : barOne]]>
    </line>
    <line>
      <![CDATA[Error: expected [MAG_web_us_regi] but found [go_to_optimizely]]]>
    </line>
    <line>
      <![CDATA[For the asset : dock]]>
    </line>
    <line>
      <![CDATA[For the asset : inlineUnit]]>
    </line>
    <line>
      <![CDATA[Error: expected [MAG_web_us_regi] but found [go_to_optimizely]]]>
    </line>
    <line>
      <![CDATA[For the asset : gateway]]>
    </line>
    <line>
      <![CDATA[Error: expected [MAG_web_us_regi] but found [go_to_optimizely]]]>
    </line>
    <line>
      <![CDATA[For the asset : welcomeAd]]>
    </line>
    <line>
      <![CDATA[For the asset : barOne]]>
    </line>
    <line>
      <![CDATA[For the asset : dock]]>
    </line>
    <line>
      <![CDATA[For the asset : inlineUnit]]>
    </line>
    <line>
      <![CDATA[For the asset : gateway]]>
    </line>
    <line>
      <![CDATA[For the asset : welcomeAd]]>
    </line>
    <line>
      <![CDATA[For the asset : barOne]]>
    </line>
    <line>
      <![CDATA[For the asset : dock]]>
    </line>
    <line>
      <![CDATA[For the asset : inlineUnit]]>
    </line>
    <line>
      <![CDATA[For the asset : gateway]]>
    </line>
  </reporter-output>
  <suite name="Suite" duration-ms="8994" started-at="2019-07-21T17:09:06Z" finished-at="2019-07-21T17:09:15Z">
    <groups>
    </groups>
    <test name="Report test1" duration-ms="8994" started-at="2019-07-21T17:09:06Z" finished-at="2019-07-21T17:09:15Z">
      <class name="com.mu.testcases.WebAnonOptimizely">
        <test-method status="PASS" signature="setUp()[pri:0, instance:com.mu.testcases.WebAnonOptimizely@e04b8b26]" name="setUp" is-config="true" duration-ms="1" started-at="2019-07-21T22:39:13Z" finished-at="2019-07-21T22:39:13Z">
          <reporter-output>
          </reporter-output>
        </test-method> <!-- setUp -->
        <test-method status="PASS" signature="verifyWebAnonOptimizely()[pri:0, instance:com.mu.testcases.WebAnonOptimizely@e04b8b26]" name="verifyWebAnonOptimizely" duration-ms="1025" started-at="2019-07-21T22:39:13Z" finished-at="2019-07-21T22:39:14Z">
          <reporter-output>
            <line>
              <![CDATA[For the asset : welcomeAd]]>
            </line>
            <line>
              <![CDATA[For the asset : barOne]]>
            </line>
            <line>
              <![CDATA[For the asset : dock]]>
            </line>
            <line>
              <![CDATA[For the asset : inlineUnit]]>
            </line>
            <line>
              <![CDATA[For the asset : gateway]]>
            </line>
          </reporter-output>
        </test-method> <!-- verifyWebAnonOptimizely -->
      </class> <!-- com.mu.testcases.WebAnonOptimizely -->
      <class name="com.mu.testcases.WebOptimizely">
        <test-method status="PASS" signature="setUp()[pri:0, instance:com.mu.testcases.WebOptimizely@26091794]" name="setUp" is-config="true" duration-ms="1" started-at="2019-07-21T22:39:14Z" finished-at="2019-07-21T22:39:14Z">
          <reporter-output>
          </reporter-output>
        </test-method> <!-- setUp -->
        <test-method status="PASS" signature="verifyWebOptimizely()[pri:0, instance:com.mu.testcases.WebOptimizely@26091794]" name="verifyWebOptimizely" duration-ms="922" started-at="2019-07-21T22:39:14Z" finished-at="2019-07-21T22:39:15Z">
          <reporter-output>
            <line>
              <![CDATA[For the asset : welcomeAd]]>
            </line>
            <line>
              <![CDATA[For the asset : barOne]]>
            </line>
            <line>
              <![CDATA[For the asset : dock]]>
            </line>
            <line>
              <![CDATA[For the asset : inlineUnit]]>
            </line>
            <line>
              <![CDATA[For the asset : gateway]]>
            </line>
          </reporter-output>
        </test-method> <!-- verifyWebOptimizely -->
      </class> <!-- com.mu.testcases.WebOptimizely -->
      <class name="com.mu.testcases.NonSubsAdblockTest">
        <test-method status="PASS" signature="setUp()[pri:0, instance:com.mu.testcases.NonSubsAdblockTest@706e70e2]" name="setUp" is-config="true" duration-ms="16" started-at="2019-07-21T22:39:06Z" finished-at="2019-07-21T22:39:06Z">
          <reporter-output>
          </reporter-output>
        </test-method> <!-- setUp -->
        <test-method status="PASS" signature="verifyAdblockAnon()[pri:0, instance:com.mu.testcases.NonSubsAdblockTest@706e70e2]" name="verifyAdblockAnon" duration-ms="4311" started-at="2019-07-21T22:39:06Z" finished-at="2019-07-21T22:39:10Z">
          <reporter-output>
            <line>
              <![CDATA[For the asset : welcomeAd]]>
            </line>
            <line>
              <![CDATA[For the asset : barOne]]>
            </line>
            <line>
              <![CDATA[For the asset : dock]]>
            </line>
            <line>
              <![CDATA[For the asset : inlineUnit]]>
            </line>
            <line>
              <![CDATA[For the asset : gateway]]>
            </line>
          </reporter-output>
        </test-method> <!-- verifyAdblockAnon -->
        <test-method status="FAIL" signature="verifyAdblockRegi()[pri:0, instance:com.mu.testcases.NonSubsAdblockTest@706e70e2]" name="verifyAdblockRegi" duration-ms="2685" started-at="2019-07-21T22:39:10Z" finished-at="2019-07-21T22:39:13Z">
          <exception class="java.lang.AssertionError">
            <message>
              <![CDATA[expected [true] but found [false]]]>
            </message>
            <full-stacktrace>
              <![CDATA[java.lang.AssertionError: expected [true] but found [false]
	at org.testng.Assert.fail(Assert.java:93)
	at org.testng.Assert.failNotEquals(Assert.java:512)
	at org.testng.Assert.assertTrue(Assert.java:41)
	at org.testng.Assert.assertTrue(Assert.java:51)
	at com.mu.testcases.NonSubsAdblockTest.verifyAdblockRegi(NonSubsAdblockTest.java:67)
	at sun.reflect.NativeMethodAccessorImpl.invoke0(Native Method)
	at sun.reflect.NativeMethodAccessorImpl.invoke(NativeMethodAccessorImpl.java:62)
	at sun.reflect.DelegatingMethodAccessorImpl.invoke(DelegatingMethodAccessorImpl.java:43)
	at java.lang.reflect.Method.invoke(Method.java:498)
	at org.testng.internal.MethodInvocationHelper.invokeMethod(MethodInvocationHelper.java:108)
	at org.testng.internal.Invoker.invokeMethod(Invoker.java:661)
	at org.testng.internal.Invoker.invokeTestMethod(Invoker.java:869)
	at org.testng.internal.Invoker.invokeTestMethods(Invoker.java:1193)
	at org.testng.internal.TestMethodWorker.invokeTestMethods(TestMethodWorker.java:126)
	at org.testng.internal.TestMethodWorker.run(TestMethodWorker.java:109)
	at org.testng.TestRunner.privateRun(TestRunner.java:744)
	at org.testng.TestRunner.run(TestRunner.java:602)
	at org.testng.SuiteRunner.runTest(SuiteRunner.java:380)
	at org.testng.SuiteRunner.runSequentially(SuiteRunner.java:375)
	at org.testng.SuiteRunner.privateRun(SuiteRunner.java:340)
	at org.testng.SuiteRunner.run(SuiteRunner.java:289)
	at org.testng.SuiteRunnerWorker.runSuite(SuiteRunnerWorker.java:52)
	at org.testng.SuiteRunnerWorker.run(SuiteRunnerWorker.java:86)
	at org.testng.TestNG.runSuitesSequentially(TestNG.java:1301)
	at org.testng.TestNG.runSuitesLocally(TestNG.java:1226)
	at org.testng.TestNG.runSuites(TestNG.java:1144)
	at org.testng.TestNG.run(TestNG.java:1115)
	at org.apache.maven.surefire.testng.TestNGExecutor.run(TestNGExecutor.java:178)
	at org.apache.maven.surefire.testng.TestNGXmlTestSuite.execute(TestNGXmlTestSuite.java:92)
	at org.apache.maven.surefire.testng.TestNGProvider.invoke(TestNGProvider.java:96)
	at sun.reflect.NativeMethodAccessorImpl.invoke0(Native Method)
	at sun.reflect.NativeMethodAccessorImpl.invoke(NativeMethodAccessorImpl.java:62)
	at sun.reflect.DelegatingMethodAccessorImpl.invoke(DelegatingMethodAccessorImpl.java:43)
	at java.lang.reflect.Method.invoke(Method.java:498)
	at org.apache.maven.surefire.util.ReflectionUtils.invokeMethodWithArray(ReflectionUtils.java:189)
	at org.apache.maven.surefire.booter.ProviderFactory$ProviderProxy.invoke(ProviderFactory.java:165)
	at org.apache.maven.surefire.booter.ProviderFactory.invokeProvider(ProviderFactory.java:85)
	at org.apache.maven.surefire.booter.ForkedBooter.runSuitesInProcess(ForkedBooter.java:115)
	at org.apache.maven.surefire.booter.ForkedBooter.main(ForkedBooter.java:75)
]]>
            </full-stacktrace>
          </exception> <!-- java.lang.AssertionError -->
          <reporter-output>
            <line>
              <![CDATA[For the asset : welcomeAd]]>
            </line>
            <line>
              <![CDATA[Error: expected [MAG_web_non-mobile_regi_kill-set_welcome-ad] but found [go_to_optimizely]]]>
            </line>
            <line>
              <![CDATA[For the asset : barOne]]>
            </line>
            <line>
              <![CDATA[Error: expected [MAG_web_us_regi] but found [go_to_optimizely]]]>
            </line>
            <line>
              <![CDATA[For the asset : dock]]>
            </line>
            <line>
              <![CDATA[For the asset : inlineUnit]]>
            </line>
            <line>
              <![CDATA[Error: expected [MAG_web_us_regi] but found [go_to_optimizely]]]>
            </line>
            <line>
              <![CDATA[For the asset : gateway]]>
            </line>
            <line>
              <![CDATA[Error: expected [MAG_web_us_regi] but found [go_to_optimizely]]]>
            </line>
          </reporter-output>
        </test-method> <!-- verifyAdblockRegi -->
      </class> <!-- com.mu.testcases.NonSubsAdblockTest -->
    </test> <!-- Report test1 -->
  </suite> <!-- Suite -->
</testng-results>
