<?xml version="1.0" encoding="UTF-8"?>
<!-- Generated by org.testng.reporters.JUnitReportReporter -->
<testsuite skipped="0" hostname="HYDHTC258607L" name="com.mu.testcases.WebRegiSale" tests="8" failures="1" timestamp="22 Aug 2019 11:28:38 GMT" time="16.478" errors="0">
  <testcase name="verifySaleINYT_EUR" time="2.274" classname="com.mu.testcases.WebRegiSale"/>
  <testcase name="verifySaleUSGM" time="1.865" classname="com.mu.testcases.WebRegiSale"/>
  <testcase name="verifySaleINYT_ROW_Mexico" time="1.833" classname="com.mu.testcases.WebRegiSale"/>
  <testcase name="verifySaleINYT_CAN" time="2.008" classname="com.mu.testcases.WebRegiSale"/>
  <testcase name="verifySaleINYT_AUS" time="2.180" classname="com.mu.testcases.WebRegiSale"/>
  <testcase name="verifySaleINYT_IND" time="1.987" classname="com.mu.testcases.WebRegiSale">
    <failure type="java.lang.AssertionError" message="null">
      <![CDATA[java.lang.AssertionError: null
	at org.testng.Assert.fail(Assert.java:93)
	at org.testng.Assert.fail(Assert.java:100)
	at com.mu.testcases.WebRegiSale.verifySaleINYT_IND(WebRegiSale.java:178)
	at sun.reflect.NativeMethodAccessorImpl.invoke0(Native Method)
	at sun.reflect.NativeMethodAccessorImpl.invoke(NativeMethodAccessorImpl.java:62)
	at sun.reflect.DelegatingMethodAccessorImpl.invoke(DelegatingMethodAccessorImpl.java:43)
	at java.lang.reflect.Method.invoke(Method.java:498)
	at org.testng.internal.MethodInvocationHelper.invokeMethod(MethodInvocationHelper.java:108)
	at org.testng.internal.Invoker.invokeMethod(Invoker.java:661)
	at org.testng.internal.Invoker.invokeTestMethod(Invoker.java:869)
	at org.testng.internal.Invoker.invokeTestMethods(Invoker.java:1193)
	at org.testng.internal.TestMethodWorker.invokeTestMethods(TestMethodWorker.java:126)
	at org.testng.internal.TestMethodWorker.run(TestMethodWorker.java:109)
	at java.util.concurrent.ThreadPoolExecutor.runWorker(ThreadPoolExecutor.java:1149)
	at java.util.concurrent.ThreadPoolExecutor$Worker.run(ThreadPoolExecutor.java:624)
	at java.lang.Thread.run(Thread.java:813)
]]>
    </failure>
  </testcase> <!-- verifySaleINYT_IND -->
  <testcase name="verifySaleINYT_UK" time="2.040" classname="com.mu.testcases.WebRegiSale"/>
  <testcase name="verifySaleINYT_Asia_Singapore" time="2.291" classname="com.mu.testcases.WebRegiSale"/>
</testsuite> <!-- com.mu.testcases.WebRegiSale -->
